<?xml version="1.0" encoding="UTF-8"?>
<!-- Generated by org.testng.reporters.JUnitReportReporter -->
<testsuite skipped="0" hostname="LP-CNU3099WJB" name="com.mercury.tours.Mercury_Signon_Gettext" tests="1" failures="0" timestamp="24 Dec 2019 04:48:19 GMT" time="17.380" errors="0">
  <testcase name="Sign_On" time="17.380" classname="com.mercury.tours.Mercury_Signon_Gettext"/>
</testsuite> <!-- com.mercury.tours.Mercury_Signon_Gettext -->
