<?xml version="1.0" encoding="UTF-8"?>
<!-- Generated by org.testng.reporters.JUnitReportReporter -->
<testsuite skipped="0" hostname="LP-CNU3099WJB" name="com.mercury.tours.Headless_Browser2_Incognito" tests="1" failures="0" timestamp="24 Dec 2019 04:19:11 GMT" time="7.211" errors="0">
  <testcase name="Sign_On" time="7.211" classname="com.mercury.tours.Headless_Browser2_Incognito"/>
</testsuite> <!-- com.mercury.tours.Headless_Browser2_Incognito -->
