<?xml version="1.0" encoding="UTF-8"?>
<!-- Generated by org.testng.reporters.JUnitReportReporter -->
<testsuite skipped="0" hostname="LP-CNU3099WJB" name="com.mercury.tours.Netbanking_Textbox" tests="1" failures="0" timestamp="25 Dec 2019 10:50:21 GMT" time="9.503" errors="0">
  <testcase name="Sign_On" time="9.503" classname="com.mercury.tours.Netbanking_Textbox"/>
</testsuite> <!-- com.mercury.tours.Netbanking_Textbox -->
