<?xml version="1.0" encoding="UTF-8"?>
<!-- Generated by org.testng.reporters.JUnitReportReporter -->
<testsuite skipped="0" hostname="LP-CNU3099WJB" name="com.mercury.tours.Mercury_Signon_RadioButton" tests="1" failures="0" timestamp="24 Dec 2019 06:14:43 GMT" time="37.919" errors="0">
  <testcase name="Sign_On" time="37.919" classname="com.mercury.tours.Mercury_Signon_RadioButton"/>
</testsuite> <!-- com.mercury.tours.Mercury_Signon_RadioButton -->
