<?xml version="1.0" encoding="UTF-8"?>
<!-- Generated by org.testng.reporters.JUnitReportReporter -->
<testsuite skipped="0" hostname="LP-CNU3099WJB" name="com.mercury.tours.Mercury_Signon_Following_Preceding_Sibling" tests="1" failures="0" timestamp="24 Dec 2019 09:18:27 GMT" time="8.955" errors="0">
  <testcase name="Sign_On" time="8.955" classname="com.mercury.tours.Mercury_Signon_Following_Preceding_Sibling"/>
</testsuite> <!-- com.mercury.tours.Mercury_Signon_Following_Preceding_Sibling -->
