<?xml version="1.0" encoding="UTF-8"?>
<!-- Generated by org.testng.reporters.JUnitReportReporter -->
<testsuite skipped="0" hostname="LP-CNU3099WJB" name="com.mercury.tours.Mercury_Signon_TestNG_Priority" tests="3" failures="0" timestamp="24 Dec 2019 09:45:47 GMT" time="87.681" errors="0">
  <testcase name="Sign_On" time="72.949" classname="com.mercury.tours.Mercury_Signon_TestNG_Priority"/>
  <testcase name="Search_Flight" time="14.619" classname="com.mercury.tours.Mercury_Signon_TestNG_Priority"/>
  <testcase name="Flight_List" time="0.113" classname="com.mercury.tours.Mercury_Signon_TestNG_Priority"/>
</testsuite> <!-- com.mercury.tours.Mercury_Signon_TestNG_Priority -->
