<?xml version="1.0" encoding="UTF-8"?>
<!-- Generated by org.testng.reporters.JUnitReportReporter -->
<testsuite skipped="0" hostname="LP-CNU3099WJB" name="com.mercury.tours.Properties_File_Example" tests="1" failures="0" timestamp="26 Dec 2019 09:44:24 GMT" time="15.247" errors="0">
  <testcase name="Sign_On" time="15.247" classname="com.mercury.tours.Properties_File_Example"/>
</testsuite> <!-- com.mercury.tours.Properties_File_Example -->
