<?xml version="1.0" encoding="UTF-8"?>
<!-- Generated by org.testng.reporters.JUnitReportReporter -->
<testsuite skipped="0" hostname="LP-CNU3099WJB" name="com.mercury.tours.ReadDataFormatExcel_XLS" tests="3" failures="0" timestamp="26 Dec 2019 06:23:08 GMT" time="233.105" errors="0">
  <testcase name="Sign_On" time="170.049" classname="com.mercury.tours.ReadDataFormatExcel_XLS"/>
  <testcase name="Sign_On" time="36.290" classname="com.mercury.tours.ReadDataFormatExcel_XLS"/>
  <testcase name="Sign_On" time="26.766" classname="com.mercury.tours.ReadDataFormatExcel_XLS"/>
</testsuite> <!-- com.mercury.tours.ReadDataFormatExcel_XLS -->
