<?xml version="1.0" encoding="UTF-8"?>
<!-- Generated by org.testng.reporters.JUnitReportReporter -->
<testsuite skipped="0" hostname="LP-CNU3099WJB" name="com.mercury.tours.Headless_Browser" tests="1" failures="0" timestamp="23 Dec 2019 12:04:23 GMT" time="120.741" errors="0">
  <testcase name="Sign_On" time="120.741" classname="com.mercury.tours.Headless_Browser"/>
</testsuite> <!-- com.mercury.tours.Headless_Browser -->
