<?xml version="1.0" encoding="UTF-8"?>
<!-- Generated by org.testng.reporters.JUnitReportReporter -->
<testsuite skipped="0" hostname="LP-CNU3099WJB" name="com.mercury.tours.ReadDataFormatExcel_XLXS" tests="3" failures="0" timestamp="26 Dec 2019 07:12:45 GMT" time="63.686" errors="0">
  <testcase name="Sign_On" time="19.265" classname="com.mercury.tours.ReadDataFormatExcel_XLXS"/>
  <testcase name="Sign_On" time="19.494" classname="com.mercury.tours.ReadDataFormatExcel_XLXS"/>
  <testcase name="Sign_On" time="24.927" classname="com.mercury.tours.ReadDataFormatExcel_XLXS"/>
</testsuite> <!-- com.mercury.tours.ReadDataFormatExcel_XLXS -->
