<?xml version="1.0" encoding="UTF-8"?>
<!-- Generated by org.testng.reporters.JUnitReportReporter -->
<testsuite skipped="0" hostname="LP-CNU3099WJB" name="com.mercury.tours.Mercury_Signon_TestNG_Class" tests="1" failures="0" timestamp="23 Dec 2019 11:16:42 GMT" time="140.804" errors="0">
  <testcase name="Sign_On" time="140.804" classname="com.mercury.tours.Mercury_Signon_TestNG_Class"/>
</testsuite> <!-- com.mercury.tours.Mercury_Signon_TestNG_Class -->
