<?xml version="1.0" encoding="UTF-8"?>
<!-- Generated by org.testng.reporters.JUnitReportReporter -->
<testsuite skipped="0" hostname="LP-CNU3099WJB" name="com.mercury.tours.Upload_File_Using_RobotClass" tests="1" failures="0" timestamp="25 Dec 2019 12:13:18 GMT" time="3.516" errors="0">
  <testcase name="Sign_On" time="3.516" classname="com.mercury.tours.Upload_File_Using_RobotClass"/>
</testsuite> <!-- com.mercury.tours.Upload_File_Using_RobotClass -->
