<?xml version="1.0" encoding="UTF-8"?>
<!-- Generated by org.testng.reporters.JUnitReportReporter -->
<testsuite skipped="0" hostname="LP-CNU3099WJB" name="com.mercury.tours.Netbanking_Window_Alert" tests="1" failures="0" timestamp="24 Dec 2019 12:09:32 GMT" time="0.293" errors="0">
  <testcase name="Sign_On" time="0.293" classname="com.mercury.tours.Netbanking_Window_Alert"/>
</testsuite> <!-- com.mercury.tours.Netbanking_Window_Alert -->
