<?xml version="1.0" encoding="UTF-8"?>
<!-- Generated by org.testng.reporters.JUnitReportReporter -->
<testsuite skipped="0" hostname="LP-CNU3099WJB" name="com.mercury.tours.BatchExecution_Smoke" tests="1" failures="0" timestamp="25 Dec 2019 10:50:21 GMT" time="0.006" errors="0">
  <testcase name="f" time="0.006" classname="com.mercury.tours.BatchExecution_Smoke"/>
</testsuite> <!-- com.mercury.tours.BatchExecution_Smoke -->
