<?xml version="1.0" encoding="UTF-8"?>
<!-- Generated by org.testng.reporters.JUnitReportReporter -->
<testsuite skipped="0" hostname="LP-CNU3099WJB" name="com.mercury.tours.Sign_On_Parameterization" tests="3" failures="0" timestamp="25 Dec 2019 05:59:44 GMT" time="106.242" errors="0">
  <testcase name="Sign_On" time="34.024" classname="com.mercury.tours.Sign_On_Parameterization"/>
  <testcase name="Sign_On" time="36.583" classname="com.mercury.tours.Sign_On_Parameterization"/>
  <testcase name="Sign_On" time="35.635" classname="com.mercury.tours.Sign_On_Parameterization"/>
</testsuite> <!-- com.mercury.tours.Sign_On_Parameterization -->
