<?xml version="1.0" encoding="UTF-8"?>
<!-- Generated by org.testng.reporters.JUnitReportReporter -->
<testsuite skipped="0" hostname="LP-CNU3099WJB" name="com.mercury.tours.Navigate_All_Links" tests="1" failures="0" timestamp="25 Dec 2019 05:01:20 GMT" time="37.839" errors="0">
  <testcase name="Sign_On" time="37.839" classname="com.mercury.tours.Navigate_All_Links"/>
</testsuite> <!-- com.mercury.tours.Navigate_All_Links -->
