<?xml version="1.0" encoding="UTF-8"?>
<!-- Generated by org.testng.reporters.JUnitReportReporter -->
<testsuite skipped="0" hostname="LP-CNU3099WJB" name="com.mercury.tours.Mercury_Signon_InternetExplorer" tests="1" failures="0" timestamp="25 Dec 2019 08:43:16 GMT" time="18.691" errors="0">
  <testcase name="Sign_On" time="18.691" classname="com.mercury.tours.Mercury_Signon_InternetExplorer"/>
</testsuite> <!-- com.mercury.tours.Mercury_Signon_InternetExplorer -->
